#########################################################################
   BusinessCount =       61184
   ReviewCount =         1569264
   UserCount =           366720
   ReviewBusinessCount = 1569264
   ReviewUserCount =     1569264
   MRSandDRcount =       60785
   MRSandDRandBIcount =  60785
   ReviewScoreCount =    60785
#########################################################################
iteration = 0
#########################################################################
   BusinessCount =       61184
   ReviewCount =         1569365
   UserCount =           366821
   ReviewBusinessCount = 1569365
   ReviewUserCount =     1569365
   MRSandDRcount =       60785
   MRSandDRandBIcount =  60785
   ReviewScoreCount =    60785
#########################################################################
iteration = 1
#########################################################################
   BusinessCount =       61184
   ReviewCount =         1569365
   UserCount =           366815
   ReviewBusinessCount = 1569365
   ReviewUserCount =     1569365
   MRSandDRcount =       60785
   MRSandDRandBIcount =  60785
   ReviewScoreCount =    60785
#########################################################################
iteration = 2
#########################################################################
   BusinessCount =       61184
   ReviewCount =         1569264
   UserCount =           366815
   ReviewBusinessCount = 1569264
   ReviewUserCount =     1569264
   MRSandDRcount =       60785
   MRSandDRandBIcount =  60785
   ReviewScoreCount =    60785
#########################################################################
iteration = 3
#########################################################################
   BusinessCount =       61184
   ReviewCount =         1569365
   UserCount =           366815
   ReviewBusinessCount = 1569365
   ReviewUserCount =     1569365
   MRSandDRcount =       60785
   MRSandDRandBIcount =  60785
   ReviewScoreCount =    60785
#########################################################################
iteration = 4
#########################################################################
   BusinessCount =       61184
   ReviewCount =         1569264
   UserCount =           366815
   ReviewBusinessCount = 1569264
   ReviewUserCount =     1569264
   MRSandDRcount =       60785
   MRSandDRandBIcount =  60785
   ReviewScoreCount =    60785
#########################################################################
iteration = 5
#########################################################################
   BusinessCount =       61184
   ReviewCount =         1569365
   UserCount =           338961
   ReviewBusinessCount = 1569365
   ReviewUserCount =     1451974
   MRSandDRcount =       60735
   MRSandDRandBIcount =  60735
   ReviewScoreCount =    60735
#########################################################################
iteration = 6
