#########################################################################
   BusinessCount =       61184
   ReviewCount =         1569264
   UserCount =           366720
   ReviewBusinessCount = 1569264
   ReviewUserCount =     1569264
   MRScount =            60785
   MRSandBIcount =       60785
   ReviewScoreCount =    60785
#########################################################################
iteration = 0
#########################################################################
   BusinessCount =       61184
   ReviewCount =         1569365
   UserCount =           366821
   ReviewBusinessCount = 1569365
   ReviewUserCount =     1569365
   MRScount =            60785
   MRSandBIcount =       60785
   ReviewScoreCount =    60785
#########################################################################
iteration = 1
#########################################################################
   BusinessCount =       61184
   ReviewCount =         1569365
   UserCount =           366815
   ReviewBusinessCount = 1569365
   ReviewUserCount =     1569365
   MRScount =            60785
   MRSandBIcount =       60785
   ReviewScoreCount =    60785
#########################################################################
iteration = 2
#########################################################################
   BusinessCount =       61184
   ReviewCount =         1569264
   UserCount =           366815
   ReviewBusinessCount = 1569264
   ReviewUserCount =     1569264
   MRScount =            60785
   MRSandBIcount =       60785
   ReviewScoreCount =    60785
#########################################################################
iteration = 3
#########################################################################
   BusinessCount =       61184
   ReviewCount =         1569365
   UserCount =           366815
   ReviewBusinessCount = 1569365
   ReviewUserCount =     1569365
   MRScount =            60785
   MRSandBIcount =       60785
   ReviewScoreCount =    60785
#########################################################################
iteration = 4
#########################################################################
   BusinessCount =       61184
   ReviewCount =         1569264
   UserCount =           366815
   ReviewBusinessCount = 1569264
   ReviewUserCount =     1569264
   MRScount =            60785
   MRSandBIcount =       60785
   ReviewScoreCount =    60785
#########################################################################
iteration = 5
