#########################################################################
   BusinessCount = 61184
   ReviewCount =   1569264
   UserCount =     366715
   BR1 count =     60785
   BR2 count =     60785
#########################################################################
iteration = 0
#########################################################################
   BusinessCount = 61184
   ReviewCount =   1569365
   UserCount =     366815
   BR1 count =     60785
   BR2 count =     60785
#########################################################################
iteration = 1
#########################################################################
   BusinessCount = 61184
   ReviewCount =   1569365
   UserCount =     366815
   BR1 count =     60785
   BR2 count =     60785
#########################################################################
iteration = 2
