#########################################################################
                   Top 5 Business Given By Algorithm                     
[((u'-sV52FN-D-I808tyRPEvwg', u"Papa John's Pizza"), 4081)]
/home/derekn/CS6965/yelp_dataset_challenge_academic_dataset/BR1/*
#########################################################################
#########################################################################
   BusinessCount =       61184
   ReviewScoreCount =    60785
#########################################################################
iteration = 0   2015-12-20 21:14:37.404749
#########################################################################
                   Top 5 Business Given By Algorithm                     
[((u'-sV52FN-D-I808tyRPEvwg', u"Papa John's Pizza"), 3700)]
/home/derekn/CS6965/yelp_dataset_challenge_academic_dataset/BR2/*
#########################################################################
#########################################################################
   BusinessCount =       61184
   ReviewScoreCount =    60785
#########################################################################
iteration = 1   2015-12-20 21:15:00.683396
#########################################################################
                   Top 5 Business Given By Algorithm                     
[((u'-sV52FN-D-I808tyRPEvwg', u"Papa John's Pizza"), 107)]
/home/derekn/CS6965/yelp_dataset_challenge_academic_dataset/BR1_modified/*
#########################################################################
#########################################################################
   BusinessCount =       61184
   ReviewScoreCount =    60785
#########################################################################
iteration = 2   2015-12-20 21:15:23.126973
#########################################################################
                   Top 5 Business Given By Algorithm                     
[((u'-sV52FN-D-I808tyRPEvwg', u"Papa John's Pizza"), 3261)]
/home/derekn/CS6965/yelp_dataset_challenge_academic_dataset/BR2_modified/*
#########################################################################
#########################################################################
   BusinessCount =       61184
   ReviewScoreCount =    60785
#########################################################################
iteration = 3   2015-12-20 21:15:46.296430
#########################################################################
                   Top 5 Business Given By Algorithm                     
[((u'-sV52FN-D-I808tyRPEvwg', u"Papa John's Pizza"), 107)]
/home/derekn/CS6965/yelp_dataset_challenge_academic_dataset/BR1_un_modified/*
#########################################################################
#########################################################################
   BusinessCount =       61184
   ReviewScoreCount =    60785
#########################################################################
iteration = 4   2015-12-20 21:16:08.714461
#########################################################################
                   Top 5 Business Given By Algorithm                     
[((u'-sV52FN-D-I808tyRPEvwg', u"Papa John's Pizza"), 3301)]
/home/derekn/CS6965/yelp_dataset_challenge_academic_dataset/BR2_un_modified/*
#########################################################################
#########################################################################
   BusinessCount =       61184
   ReviewScoreCount =    60785
#########################################################################
iteration = 5   2015-12-20 21:16:31.945068
#########################################################################
                   Top 5 Business Given By Algorithm                     
[((u'-sV52FN-D-I808tyRPEvwg', u"Papa John's Pizza"), 4117)]
/home/derekn/CS6965/yelp_dataset_challenge_academic_dataset/review_score_one/*
#########################################################################
#########################################################################
   BusinessCount =       61184
   ReviewScoreCount =    60785
#########################################################################
iteration = 6   2015-12-20 21:16:54.500146
#########################################################################
                   Top 5 Business Given By Algorithm                     
[((u'-sV52FN-D-I808tyRPEvwg', u"Papa John's Pizza"), 46)]
/home/derekn/CS6965/yelp_dataset_challenge_academic_dataset/review_score_modified_one/*
#########################################################################
#########################################################################
   BusinessCount =       61184
   ReviewScoreCount =    60785
#########################################################################
iteration = 7   2015-12-20 21:17:16.913486
#########################################################################
                   Top 5 Business Given By Algorithm                     
[((u'-sV52FN-D-I808tyRPEvwg', u"Papa John's Pizza"), 3123)]
/home/derekn/CS6965/yelp_dataset_challenge_academic_dataset/review_score_modified_uw_Mod/*
#########################################################################
#########################################################################
   BusinessCount =       61184
   ReviewScoreCount =    60785
#########################################################################
iteration = 8   2015-12-20 21:17:43.539267
#########################################################################
                   Top 5 Business Given By Algorithm                     
[((u'-sV52FN-D-I808tyRPEvwg', u"Papa John's Pizza"), 3770)]
/home/derekn/CS6965/yelp_dataset_challenge_academic_dataset/review_score_uw_Mod/*
#########################################################################
#########################################################################
   BusinessCount =       61184
   ReviewScoreCount =    60785
#########################################################################
iteration = 9   2015-12-20 21:18:10.084039
#########################################################################
                   Top 5 Business Given By Algorithm                     
[((u'-sV52FN-D-I808tyRPEvwg', u"Papa John's Pizza"), 3123)]
/home/derekn/CS6965/yelp_dataset_challenge_academic_dataset/review_score_modified_uw_unMod/*
#########################################################################
#########################################################################
   BusinessCount =       61184
   ReviewScoreCount =    60785
#########################################################################
iteration = 10   2015-12-20 21:18:36.694152
#########################################################################
                   Top 5 Business Given By Algorithm                     
[((u'-sV52FN-D-I808tyRPEvwg', u"Papa John's Pizza"), 3770)]
/home/derekn/CS6965/yelp_dataset_challenge_academic_dataset/review_score_uw_unMod/*
#########################################################################
#########################################################################
   BusinessCount =       61184
   ReviewScoreCount =    60785
#########################################################################
iteration = 11   2015-12-20 21:19:03.190987
#########################################################################
                   Top 5 Business Given By Algorithm                     
[((u'-sV52FN-D-I808tyRPEvwg', u"Papa John's Pizza"), 4108)]
/home/derekn/CS6965/yelp_dataset_challenge_academic_dataset/review_score_simple_one/*
#########################################################################
#########################################################################
   BusinessCount =       61184
   ReviewScoreCount =    60785
#########################################################################
iteration = 12   2015-12-20 21:19:25.304370
#########################################################################
                   Top 5 Business Given By Algorithm                     
[((u'-sV52FN-D-I808tyRPEvwg', u"Papa John's Pizza"), 129)]
/home/derekn/CS6965/yelp_dataset_challenge_academic_dataset/review_score_simple_modified_one/*
#########################################################################
#########################################################################
   BusinessCount =       61184
   ReviewScoreCount =    60785
#########################################################################
iteration = 13   2015-12-20 21:19:47.558220
#########################################################################
                   Top 5 Business Given By Algorithm                     
[((u'-sV52FN-D-I808tyRPEvwg', u"Papa John's Pizza"), 3125)]
/home/derekn/CS6965/yelp_dataset_challenge_academic_dataset/review_score_simple_modified_uw_Mod/*
#########################################################################
#########################################################################
   BusinessCount =       61184
   ReviewScoreCount =    60785
#########################################################################
iteration = 14   2015-12-20 21:20:13.751035
#########################################################################
                   Top 5 Business Given By Algorithm                     
[((u'-sV52FN-D-I808tyRPEvwg', u"Papa John's Pizza"), 3757)]
/home/derekn/CS6965/yelp_dataset_challenge_academic_dataset/review_score_simple_uw_Mod/*
#########################################################################
#########################################################################
   BusinessCount =       61184
   ReviewScoreCount =    60785
#########################################################################
iteration = 15   2015-12-20 21:20:39.947455
#########################################################################
                   Top 5 Business Given By Algorithm                     
[((u'-sV52FN-D-I808tyRPEvwg', u"Papa John's Pizza"), 3125)]
/home/derekn/CS6965/yelp_dataset_challenge_academic_dataset/review_score_simple_modified_uw_unMod/*
#########################################################################
#########################################################################
   BusinessCount =       61184
   ReviewScoreCount =    60785
#########################################################################
iteration = 16   2015-12-20 21:21:06.477401
#########################################################################
                   Top 5 Business Given By Algorithm                     
[((u'-sV52FN-D-I808tyRPEvwg', u"Papa John's Pizza"), 3757)]
/home/derekn/CS6965/yelp_dataset_challenge_academic_dataset/review_score_simple_uw_unMod/*
#########################################################################
#########################################################################
   BusinessCount =       61184
   ReviewScoreCount =    60785
#########################################################################
iteration = 17   2015-12-20 21:21:33.087473
#########################################################################
                   Top 5 Business Given By Algorithm                     
[((u'-sV52FN-D-I808tyRPEvwg', u"Papa John's Pizza"), 1702)]
/home/derekn/CS6965/yelp_dataset_challenge_academic_dataset/review_score_simple_modified_uw_Mod_NEW/*
#########################################################################
#########################################################################
   BusinessCount =       61184
   ReviewScoreCount =    60735
#########################################################################
iteration = 18   2015-12-21 16:57:55.914314
#########################################################################
                   Top 5 Business Given By Algorithm                     
[((u'-sV52FN-D-I808tyRPEvwg', u"Papa John's Pizza"), 1362)]
/home/derekn/CS6965/yelp_dataset_challenge_academic_dataset/review_score_modified_uw_Mod_NEW/*
#########################################################################
#########################################################################
   BusinessCount =       61184
   ReviewScoreCount =    60735
#########################################################################
iteration = 19   2015-12-21 16:58:22.914271
